<?xml version="1.0" encoding="UTF-8"?>
<testng-results skipped="1" failed="1" ignored="1" total="12" passed="9">
  <reporter-output>
  </reporter-output>
  <suite name="LoanDepatment" duration-ms="138" started-at="2020-10-21T22:17:34 IST" finished-at="2020-10-21T22:17:35 IST">
    <groups>
      <group name="smoke">
        <method signature="Day1.carLoan()[pri:0, instance:test.Day1@2b552920]" name="carLoan" class="test.Day1"/>
        <method signature="Day2.HomeLoanLoginPage()[pri:0, instance:test.Day2@2758fe70]" name="HomeLoanLoginPage" class="test.Day2"/>
        <method signature="Day3.TwoWheelerLogOut()[pri:0, instance:test.Day3@1f36e637]" name="TwoWheelerLogOut" class="test.Day3"/>
      </group> <!-- smoke -->
    </groups>
    <test name="Regresion" duration-ms="138" started-at="2020-10-21T22:17:34 IST" finished-at="2020-10-21T22:17:35 IST">
      <class name="test.Day1">
        <test-method status="PASS" signature="carLoan()[pri:0, instance:test.Day1@2b552920]" name="carLoan" duration-ms="13" started-at="2020-10-21T22:17:34 IST" finished-at="2020-10-21T22:17:34 IST">
          <reporter-output>
          </reporter-output>
        </test-method> <!-- carLoan -->
        <test-method status="FAIL" signature="carLoanLogout()[pri:0, instance:test.Day1@2b552920]" name="carLoanLogout" duration-ms="5" started-at="2020-10-21T22:17:34 IST" finished-at="2020-10-21T22:17:34 IST">
          <exception class="java.lang.AssertionError">
            <message>
              <![CDATA[expected [true] but found [false]]]>
            </message>
            <full-stacktrace>
              <![CDATA[java.lang.AssertionError: expected [true] but found [false]
at org.testng.Assert.fail(Assert.java:99)
at org.testng.Assert.failNotEquals(Assert.java:1037)
at org.testng.Assert.assertTrue(Assert.java:45)
at org.testng.Assert.assertTrue(Assert.java:55)
at test.Day1.carLoanLogout(Day1.java:24)
at sun.reflect.NativeMethodAccessorImpl.invoke0(Native Method)
at sun.reflect.NativeMethodAccessorImpl.invoke(Unknown Source)
at sun.reflect.DelegatingMethodAccessorImpl.invoke(Unknown Source)
at java.lang.reflect.Method.invoke(Unknown Source)
at org.testng.internal.MethodInvocationHelper.invokeMethod(MethodInvocationHelper.java:132)
at org.testng.internal.TestInvoker.invokeMethod(TestInvoker.java:599)
at org.testng.internal.TestInvoker.invokeTestMethod(TestInvoker.java:174)
at org.testng.internal.MethodRunner.runInSequence(MethodRunner.java:46)
at org.testng.internal.TestInvoker$MethodInvocationAgent.invoke(TestInvoker.java:822)
at org.testng.internal.TestInvoker.invokeTestMethods(TestInvoker.java:147)
at org.testng.internal.TestMethodWorker.invokeTestMethods(TestMethodWorker.java:146)
at org.testng.internal.TestMethodWorker.run(TestMethodWorker.java:128)
at java.util.ArrayList.forEach(Unknown Source)
at org.testng.TestRunner.privateRun(TestRunner.java:764)
at org.testng.TestRunner.run(TestRunner.java:585)
at org.testng.SuiteRunner.runTest(SuiteRunner.java:384)
at org.testng.SuiteRunner.runSequentially(SuiteRunner.java:378)
at org.testng.SuiteRunner.privateRun(SuiteRunner.java:337)
at org.testng.SuiteRunner.run(SuiteRunner.java:286)
at org.testng.SuiteRunnerWorker.runSuite(SuiteRunnerWorker.java:53)
at org.testng.SuiteRunnerWorker.run(SuiteRunnerWorker.java:96)
at org.testng.TestNG.runSuitesSequentially(TestNG.java:1218)
at org.testng.TestNG.runSuitesLocally(TestNG.java:1140)
at org.testng.TestNG.runSuites(TestNG.java:1069)
at org.testng.TestNG.run(TestNG.java:1037)
at org.testng.remote.AbstractRemoteTestNG.run(AbstractRemoteTestNG.java:115)
at org.testng.remote.RemoteTestNG.initAndRun(RemoteTestNG.java:251)
at org.testng.remote.RemoteTestNG.main(RemoteTestNG.java:77)
]]>
            </full-stacktrace>
          </exception> <!-- java.lang.AssertionError -->
          <reporter-output>
          </reporter-output>
        </test-method> <!-- carLoanLogout -->
        <test-method status="SKIP" signature="Homepage()[pri:0, instance:test.Day1@2b552920]" name="Homepage" duration-ms="0" started-at="2020-10-21T22:17:34 IST" depends-on-methods="test.Day1.carLoanLogout" finished-at="2020-10-21T22:17:34 IST">
          <exception class="java.lang.Throwable">
            <message>
              <![CDATA[Method Day1.Homepage()[pri:0, instance:test.Day1@2b552920] depends on not successfully finished methods]]>
            </message>
            <full-stacktrace>
              <![CDATA[java.lang.Throwable: Method Day1.Homepage()[pri:0, instance:test.Day1@2b552920] depends on not successfully finished methods
at org.testng.internal.TestInvoker.invokeTestMethods(TestInvoker.java:102)
at org.testng.internal.TestMethodWorker.invokeTestMethods(TestMethodWorker.java:146)
at org.testng.internal.TestMethodWorker.run(TestMethodWorker.java:128)
at java.util.ArrayList.forEach(Unknown Source)
at org.testng.TestRunner.privateRun(TestRunner.java:764)
at org.testng.TestRunner.run(TestRunner.java:585)
at org.testng.SuiteRunner.runTest(SuiteRunner.java:384)
at org.testng.SuiteRunner.runSequentially(SuiteRunner.java:378)
at org.testng.SuiteRunner.privateRun(SuiteRunner.java:337)
at org.testng.SuiteRunner.run(SuiteRunner.java:286)
at org.testng.SuiteRunnerWorker.runSuite(SuiteRunnerWorker.java:53)
at org.testng.SuiteRunnerWorker.run(SuiteRunnerWorker.java:96)
at org.testng.TestNG.runSuitesSequentially(TestNG.java:1218)
at org.testng.TestNG.runSuitesLocally(TestNG.java:1140)
at org.testng.TestNG.runSuites(TestNG.java:1069)
at org.testng.TestNG.run(TestNG.java:1037)
at org.testng.remote.AbstractRemoteTestNG.run(AbstractRemoteTestNG.java:115)
at org.testng.remote.RemoteTestNG.initAndRun(RemoteTestNG.java:251)
at org.testng.remote.RemoteTestNG.main(RemoteTestNG.java:77)
]]>
            </full-stacktrace>
          </exception> <!-- java.lang.Throwable -->
          <reporter-output>
          </reporter-output>
        </test-method> <!-- Homepage -->
      </class> <!-- test.Day1 -->
      <class name="test.Day2">
        <test-method status="PASS" signature="HomeLoan()[pri:0, instance:test.Day2@2758fe70]" name="HomeLoan" duration-ms="2" started-at="2020-10-21T22:17:34 IST" finished-at="2020-10-21T22:17:34 IST">
          <reporter-output>
          </reporter-output>
        </test-method> <!-- HomeLoan -->
        <test-method status="PASS" signature="HomeLoanLoginPage()[pri:0, instance:test.Day2@2758fe70]" name="HomeLoanLoginPage" duration-ms="6" started-at="2020-10-21T22:17:34 IST" finished-at="2020-10-21T22:17:34 IST">
          <reporter-output>
          </reporter-output>
        </test-method> <!-- HomeLoanLoginPage -->
        <test-method status="PASS" signature="HomeLoanLogout()[pri:0, instance:test.Day2@2758fe70]" name="HomeLoanLogout" duration-ms="5" started-at="2020-10-21T22:17:35 IST" finished-at="2020-10-21T22:17:35 IST">
          <reporter-output>
          </reporter-output>
        </test-method> <!-- HomeLoanLogout -->
      </class> <!-- test.Day2 -->
      <class name="test.Day3">
        <test-method status="PASS" signature="TwoWheeler(java.lang.String, java.lang.String)[pri:0, instance:test.Day3@1f36e637]" name="TwoWheeler" duration-ms="2" started-at="2020-10-21T22:17:35 IST" data-provider="getData" finished-at="2020-10-21T22:17:35 IST">
          <params>
            <param index="0">
              <value>
                <![CDATA[username1]]>
              </value>
            </param>
            <param index="1">
              <value>
                <![CDATA[password1]]>
              </value>
            </param>
          </params>
          <reporter-output>
          </reporter-output>
        </test-method> <!-- TwoWheeler -->
        <test-method status="PASS" signature="TwoWheeler(java.lang.String, java.lang.String)[pri:0, instance:test.Day3@1f36e637]" name="TwoWheeler" duration-ms="2" started-at="2020-10-21T22:17:35 IST" data-provider="getData" finished-at="2020-10-21T22:17:35 IST">
          <params>
            <param index="0">
              <value>
                <![CDATA[username2]]>
              </value>
            </param>
            <param index="1">
              <value>
                <![CDATA[password2]]>
              </value>
            </param>
          </params>
          <reporter-output>
          </reporter-output>
        </test-method> <!-- TwoWheeler -->
        <test-method status="PASS" signature="TwoWheeler(java.lang.String, java.lang.String)[pri:0, instance:test.Day3@1f36e637]" name="TwoWheeler" duration-ms="2" started-at="2020-10-21T22:17:35 IST" data-provider="getData" finished-at="2020-10-21T22:17:35 IST">
          <params>
            <param index="0">
              <value>
                <![CDATA[username3]]>
              </value>
            </param>
            <param index="1">
              <value>
                <![CDATA[password3]]>
              </value>
            </param>
          </params>
          <reporter-output>
          </reporter-output>
        </test-method> <!-- TwoWheeler -->
        <test-method status="PASS" signature="TwoWheelerLogOut()[pri:0, instance:test.Day3@1f36e637]" name="TwoWheelerLogOut" duration-ms="1" started-at="2020-10-21T22:17:35 IST" finished-at="2020-10-21T22:17:35 IST">
          <reporter-output>
          </reporter-output>
        </test-method> <!-- TwoWheelerLogOut -->
        <test-method status="PASS" signature="TwoWheelerLogin(java.lang.String)[pri:0, instance:test.Day3@1f36e637]" name="TwoWheelerLogin" duration-ms="2" started-at="2020-10-21T22:17:35 IST" finished-at="2020-10-21T22:17:35 IST">
          <params>
            <param index="0">
              <value>
                <![CDATA[qaclick.com]]>
              </value>
            </param>
          </params>
          <reporter-output>
          </reporter-output>
        </test-method> <!-- TwoWheelerLogin -->
      </class> <!-- test.Day3 -->
    </test> <!-- Regresion -->
  </suite> <!-- LoanDepatment -->
</testng-results>
